c:\users\alper\downloads\rbxfpsunlocker-4.4.4\source\x64\release\vc143.pdb
c:\users\alper\downloads\rbxfpsunlocker-4.4.4\source\x64\release\version.obj
c:\users\alper\downloads\rbxfpsunlocker-4.4.4\source\x64\release\ui.obj
c:\users\alper\downloads\rbxfpsunlocker-4.4.4\source\x64\release\sigscan.obj
c:\users\alper\downloads\rbxfpsunlocker-4.4.4\source\x64\release\settings.obj
c:\users\alper\downloads\rbxfpsunlocker-4.4.4\source\x64\release\procutil.obj
c:\users\alper\downloads\rbxfpsunlocker-4.4.4\source\x64\release\main.obj
c:\users\alper\downloads\rbxfpsunlocker-4.4.4\x64\release\rbxfpsunlocker.exe
c:\users\alper\downloads\rbxfpsunlocker-4.4.4\x64\release\rbxfpsunlocker.pdb
c:\users\alper\downloads\rbxfpsunlocker-4.4.4\source\x64\release\rbxfpsunlocker.res
c:\users\alper\downloads\rbxfpsunlocker-4.4.4\source\x64\release\rbxfpsunlocker.ipdb
c:\users\alper\downloads\rbxfpsunlocker-4.4.4\source\x64\release\rbxfpsunlocker.iobj
c:\users\alper\downloads\rbxfpsunlocker-4.4.4\source\x64\release\rbxfpsunlocker.tlog\cl.command.1.tlog
c:\users\alper\downloads\rbxfpsunlocker-4.4.4\source\x64\release\rbxfpsunlocker.tlog\cl.items.tlog
c:\users\alper\downloads\rbxfpsunlocker-4.4.4\source\x64\release\rbxfpsunlocker.tlog\cl.read.1.tlog
c:\users\alper\downloads\rbxfpsunlocker-4.4.4\source\x64\release\rbxfpsunlocker.tlog\cl.write.1.tlog
c:\users\alper\downloads\rbxfpsunlocker-4.4.4\source\x64\release\rbxfpsunlocker.tlog\link.command.1.tlog
c:\users\alper\downloads\rbxfpsunlocker-4.4.4\source\x64\release\rbxfpsunlocker.tlog\link.read.1.tlog
c:\users\alper\downloads\rbxfpsunlocker-4.4.4\source\x64\release\rbxfpsunlocker.tlog\link.secondary.1.tlog
c:\users\alper\downloads\rbxfpsunlocker-4.4.4\source\x64\release\rbxfpsunlocker.tlog\link.write.1.tlog
c:\users\alper\downloads\rbxfpsunlocker-4.4.4\source\x64\release\rbxfpsunlocker.tlog\rc.command.1.tlog
c:\users\alper\downloads\rbxfpsunlocker-4.4.4\source\x64\release\rbxfpsunlocker.tlog\rc.read.1.tlog
c:\users\alper\downloads\rbxfpsunlocker-4.4.4\source\x64\release\rbxfpsunlocker.tlog\rc.write.1.tlog
