c:\users\alper\downloads\rbxfpsunlocker-4.4.4\source\x64\debug\vc143.pdb
c:\users\alper\downloads\rbxfpsunlocker-4.4.4\source\x64\debug\vc143.idb
c:\users\alper\downloads\rbxfpsunlocker-4.4.4\source\x64\debug\version.obj
c:\users\alper\downloads\rbxfpsunlocker-4.4.4\source\x64\debug\ui.obj
c:\users\alper\downloads\rbxfpsunlocker-4.4.4\source\x64\debug\sigscan.obj
c:\users\alper\downloads\rbxfpsunlocker-4.4.4\source\x64\debug\settings.obj
c:\users\alper\downloads\rbxfpsunlocker-4.4.4\source\x64\debug\procutil.obj
c:\users\alper\downloads\rbxfpsunlocker-4.4.4\source\x64\debug\main.obj
c:\users\alper\downloads\rbxfpsunlocker-4.4.4\x64\debug\rbxfpsunlocker.exe
c:\users\alper\downloads\rbxfpsunlocker-4.4.4\x64\debug\rbxfpsunlocker.pdb
c:\users\alper\downloads\rbxfpsunlocker-4.4.4\source\x64\debug\rbxfpsunlocker.res
c:\users\alper\downloads\rbxfpsunlocker-4.4.4\source\x64\debug\rbxfpsunlocker.ilk
c:\users\alper\downloads\rbxfpsunlocker-4.4.4\source\x64\debug\rbxfpsunlocker.tlog\cl.command.1.tlog
c:\users\alper\downloads\rbxfpsunlocker-4.4.4\source\x64\debug\rbxfpsunlocker.tlog\cl.items.tlog
c:\users\alper\downloads\rbxfpsunlocker-4.4.4\source\x64\debug\rbxfpsunlocker.tlog\cl.read.1.tlog
c:\users\alper\downloads\rbxfpsunlocker-4.4.4\source\x64\debug\rbxfpsunlocker.tlog\cl.write.1.tlog
c:\users\alper\downloads\rbxfpsunlocker-4.4.4\source\x64\debug\rbxfpsunlocker.tlog\link.command.1.tlog
c:\users\alper\downloads\rbxfpsunlocker-4.4.4\source\x64\debug\rbxfpsunlocker.tlog\link.read.1.tlog
c:\users\alper\downloads\rbxfpsunlocker-4.4.4\source\x64\debug\rbxfpsunlocker.tlog\link.secondary.1.tlog
c:\users\alper\downloads\rbxfpsunlocker-4.4.4\source\x64\debug\rbxfpsunlocker.tlog\link.write.1.tlog
c:\users\alper\downloads\rbxfpsunlocker-4.4.4\source\x64\debug\rbxfpsunlocker.tlog\rc.command.1.tlog
c:\users\alper\downloads\rbxfpsunlocker-4.4.4\source\x64\debug\rbxfpsunlocker.tlog\rc.read.1.tlog
c:\users\alper\downloads\rbxfpsunlocker-4.4.4\source\x64\debug\rbxfpsunlocker.tlog\rc.write.1.tlog
